
**** Build of configuration Debug for project Test ****

/home/joel/ti/ccs1281/ccs/utils/bin/gmake -k -j 24 all -O 
 
Building file: "../main.c"
Invoking: Arm Compiler
"/home/joel/ti/ccs1281/ccs/tools/compiler/ti-cgt-arm_20.2.7.LTS/bin/armcl" -mv7M4 --code_state=16 --float_support=FPv4SPD16 -me --include_path="/home/joel/workspace_v12/Test" --include_path="/home/joel/ti/Tiva_C_Series/inc" --include_path="/home/joel/ti/Tiva_C_Series" --include_path="/home/joel/ti/ccs1281/ccs/tools/compiler/ti-cgt-arm_20.2.7.LTS/include" --define=ccs="ccs" --define=PART_TM4C123GH6PM -g --gcc --diag_warning=225 --diag_wrap=off --display_error_number --abi=eabi --preproc_with_compile --preproc_dependency="main.d_raw"  "../main.c"
 
>> Compilation failure
subdir_rules.mk:7: recipe for target 'main.obj' failed
"/home/joel/ti/Tiva_C_Series/driverlib/sysctl.h", line 602: error #20: identifier "bool" is undefined
"/home/joel/ti/Tiva_C_Series/driverlib/sysctl.h", line 603: error #20: identifier "bool" is undefined
"/home/joel/ti/Tiva_C_Series/driverlib/sysctl.h", line 613: error #20: identifier "bool" is undefined
"/home/joel/ti/Tiva_C_Series/driverlib/sysctl.h", line 619: error #20: identifier "bool" is undefined
"/home/joel/ti/Tiva_C_Series/driverlib/sysctl.h", line 640: error #20: identifier "bool" is undefined
"/home/joel/ti/Tiva_C_Series/driverlib/sysctl.h", line 641: error #20: identifier "bool" is undefined
"/home/joel/ti/Tiva_C_Series/driverlib/sysctl.h", line 642: error #20: identifier "bool" is undefined
"/home/joel/ti/Tiva_C_Series/driverlib/gpio.h", line 153: error #20: identifier "bool" is undefined
"../main.c", line 31: warning #112-D: statement is unreachable
8 errors detected in the compilation of "../main.c".
gmake: *** [main.obj] Error 1
Building file: "../tm4c123gh6pm_startup_ccs.c"
Invoking: Arm Compiler
"/home/joel/ti/ccs1281/ccs/tools/compiler/ti-cgt-arm_20.2.7.LTS/bin/armcl" -mv7M4 --code_state=16 --float_support=FPv4SPD16 -me --include_path="/home/joel/workspace_v12/Test" --include_path="/home/joel/ti/Tiva_C_Series/inc" --include_path="/home/joel/ti/Tiva_C_Series" --include_path="/home/joel/ti/ccs1281/ccs/tools/compiler/ti-cgt-arm_20.2.7.LTS/include" --define=ccs="ccs" --define=PART_TM4C123GH6PM -g --gcc --diag_warning=225 --diag_wrap=off --display_error_number --abi=eabi --preproc_with_compile --preproc_dependency="tm4c123gh6pm_startup_ccs.d_raw"  "../tm4c123gh6pm_startup_ccs.c"
Finished building: "../tm4c123gh6pm_startup_ccs.c"
 
gmake: Target 'all' not remade because of errors.

**** Build Finished ****

**** Build of configuration Debug for project Test ****

/home/joel/ti/ccs1281/ccs/utils/bin/gmake -k -j 24 all -O 
 
Building file: "../main.c"
Invoking: Arm Compiler
"/home/joel/ti/ccs1281/ccs/tools/compiler/ti-cgt-arm_20.2.7.LTS/bin/armcl" -mv7M4 --code_state=16 --float_support=FPv4SPD16 -me --include_path="/home/joel/workspace_v12/Test" --include_path="/home/joel/ti/Tiva_C_Series/inc" --include_path="/home/joel/ti/Tiva_C_Series" --include_path="/home/joel/ti/ccs1281/ccs/tools/compiler/ti-cgt-arm_20.2.7.LTS/include" --define=ccs="ccs" --define=PART_TM4C123GH6PM -g --gcc --diag_warning=225 --diag_wrap=off --display_error_number --abi=eabi --preproc_with_compile --preproc_dependency="main.d_raw"  "../main.c"
"../main.c", line 32: warning #112-D: statement is unreachable
Finished building: "../main.c"
 
Building target: "Test.out"
Invoking: Arm Linker
"/home/joel/ti/ccs1281/ccs/tools/compiler/ti-cgt-arm_20.2.7.LTS/bin/armcl" -mv7M4 --code_state=16 --float_support=FPv4SPD16 -me --define=ccs="ccs" --define=PART_TM4C123GH6PM -g --gcc --diag_warning=225 --diag_wrap=off --display_error_number --abi=eabi -z -m"Test.map" --heap_size=0 --stack_size=512 -i"/home/joel/ti/ccs1281/ccs/tools/compiler/ti-cgt-arm_20.2.7.LTS/lib" -i"/home/joel/ti/ccs1281/ccs/tools/compiler/ti-cgt-arm_20.2.7.LTS/include" --reread_libs --diag_wrap=off --display_error_number --warn_sections --xml_link_info="Test_linkInfo.xml" --rom_model -o "Test.out" "./main.obj" "./tm4c123gh6pm_startup_ccs.obj" "../tm4c123gh6pm.cmd"  -llibc.a -l"/home/joel/ti/Tiva_C_Series/driverlib/ccs/Debug/driverlib.lib" 
<Linking>
Finished building target: "Test.out"
 

**** Build Finished ****

**** Build of configuration Debug for project Test ****

/home/joel/ti/ccs1281/ccs/utils/bin/gmake -k -j 24 all -O 
 
Building file: "../main.c"
Invoking: Arm Compiler
"/home/joel/ti/ccs1281/ccs/tools/compiler/ti-cgt-arm_20.2.7.LTS/bin/armcl" -mv7M4 --code_state=16 --float_support=FPv4SPD16 -me --include_path="/home/joel/workspace_v12/Test" --include_path="/home/joel/ti/Tiva_C_Series/inc" --include_path="/home/joel/ti/Tiva_C_Series" --include_path="/home/joel/ti/ccs1281/ccs/tools/compiler/ti-cgt-arm_20.2.7.LTS/include" --define=ccs="ccs" --define=PART_TM4C123GH6PM -g --gcc --diag_warning=225 --diag_wrap=off --display_error_number --abi=eabi --preproc_with_compile --preproc_dependency="main.d_raw"  "../main.c"
Finished building: "../main.c"
 
Building target: "Test.out"
Invoking: Arm Linker
"/home/joel/ti/ccs1281/ccs/tools/compiler/ti-cgt-arm_20.2.7.LTS/bin/armcl" -mv7M4 --code_state=16 --float_support=FPv4SPD16 -me --define=ccs="ccs" --define=PART_TM4C123GH6PM -g --gcc --diag_warning=225 --diag_wrap=off --display_error_number --abi=eabi -z -m"Test.map" --heap_size=0 --stack_size=512 -i"/home/joel/ti/ccs1281/ccs/tools/compiler/ti-cgt-arm_20.2.7.LTS/lib" -i"/home/joel/ti/ccs1281/ccs/tools/compiler/ti-cgt-arm_20.2.7.LTS/include" --reread_libs --diag_wrap=off --display_error_number --warn_sections --xml_link_info="Test_linkInfo.xml" --rom_model -o "Test.out" "./main.obj" "./tm4c123gh6pm_startup_ccs.obj" "../tm4c123gh6pm.cmd"  -llibc.a -l"/home/joel/ti/Tiva_C_Series/driverlib/ccs/Debug/driverlib.lib" 
<Linking>
Finished building target: "Test.out"
 

**** Build Finished ****

**** Build of configuration Debug for project Test ****

/home/joel/ti/ccs1281/ccs/utils/bin/gmake -k -j 24 all -O 
 
gmake[1]: 'Test.out' is up to date.

**** Build Finished ****

**** Build of configuration Debug for project Test ****

/home/joel/ti/ccs1281/ccs/utils/bin/gmake -k -j 24 all -O 
 
Building file: "../main.c"
Invoking: Arm Compiler
"/home/joel/ti/ccs1281/ccs/tools/compiler/ti-cgt-arm_20.2.7.LTS/bin/armcl" -mv7M4 --code_state=16 --float_support=FPv4SPD16 -me --include_path="/home/joel/workspace_v12/Test" --include_path="/home/joel/ti/Tiva_C_Series/inc" --include_path="/home/joel/ti/Tiva_C_Series" --include_path="/home/joel/ti/ccs1281/ccs/tools/compiler/ti-cgt-arm_20.2.7.LTS/include" --define=ccs="ccs" --define=PART_TM4C123GH6PM -g --gcc --diag_warning=225 --diag_wrap=off --display_error_number --abi=eabi --preproc_with_compile --preproc_dependency="main.d_raw"  "../main.c"
Finished building: "../main.c"
 
Building target: "Test.out"
Invoking: Arm Linker
"/home/joel/ti/ccs1281/ccs/tools/compiler/ti-cgt-arm_20.2.7.LTS/bin/armcl" -mv7M4 --code_state=16 --float_support=FPv4SPD16 -me --define=ccs="ccs" --define=PART_TM4C123GH6PM -g --gcc --diag_warning=225 --diag_wrap=off --display_error_number --abi=eabi -z -m"Test.map" --heap_size=0 --stack_size=512 -i"/home/joel/ti/ccs1281/ccs/tools/compiler/ti-cgt-arm_20.2.7.LTS/lib" -i"/home/joel/ti/ccs1281/ccs/tools/compiler/ti-cgt-arm_20.2.7.LTS/include" --reread_libs --diag_wrap=off --display_error_number --warn_sections --xml_link_info="Test_linkInfo.xml" --rom_model -o "Test.out" "./main.obj" "./tm4c123gh6pm_startup_ccs.obj" "../tm4c123gh6pm.cmd"  -llibc.a -l"/home/joel/ti/Tiva_C_Series/driverlib/ccs/Debug/driverlib.lib" 
<Linking>
Finished building target: "Test.out"
 

**** Build Finished ****

**** Build of configuration Debug for project Test ****

/home/joel/ti/ccs1281/ccs/utils/bin/gmake -k -j 24 all -O 
 
gmake[1]: 'Test.out' is up to date.

**** Build Finished ****

**** Build of configuration Debug for project Test ****

/home/joel/ti/ccs1281/ccs/utils/bin/gmake -k -j 24 all -O 
 
Building file: "../main.c"
Invoking: Arm Compiler
"/home/joel/ti/ccs1281/ccs/tools/compiler/ti-cgt-arm_20.2.7.LTS/bin/armcl" -mv7M4 --code_state=16 --float_support=FPv4SPD16 -me --include_path="/home/joel/workspace_v12/Test" --include_path="/home/joel/ti/Tiva_C_Series/inc" --include_path="/home/joel/ti/Tiva_C_Series" --include_path="/home/joel/ti/ccs1281/ccs/tools/compiler/ti-cgt-arm_20.2.7.LTS/include" --define=ccs="ccs" --define=PART_TM4C123GH6PM -g --gcc --diag_warning=225 --diag_wrap=off --display_error_number --abi=eabi --preproc_with_compile --preproc_dependency="main.d_raw"  "../main.c"
Finished building: "../main.c"
 
Building target: "Test.out"
Invoking: Arm Linker
"/home/joel/ti/ccs1281/ccs/tools/compiler/ti-cgt-arm_20.2.7.LTS/bin/armcl" -mv7M4 --code_state=16 --float_support=FPv4SPD16 -me --define=ccs="ccs" --define=PART_TM4C123GH6PM -g --gcc --diag_warning=225 --diag_wrap=off --display_error_number --abi=eabi -z -m"Test.map" --heap_size=0 --stack_size=512 -i"/home/joel/ti/ccs1281/ccs/tools/compiler/ti-cgt-arm_20.2.7.LTS/lib" -i"/home/joel/ti/ccs1281/ccs/tools/compiler/ti-cgt-arm_20.2.7.LTS/include" --reread_libs --diag_wrap=off --display_error_number --warn_sections --xml_link_info="Test_linkInfo.xml" --rom_model -o "Test.out" "./main.obj" "./tm4c123gh6pm_startup_ccs.obj" "../tm4c123gh6pm.cmd"  -llibc.a -l"/home/joel/ti/Tiva_C_Series/driverlib/ccs/Debug/driverlib.lib" 
<Linking>
Finished building target: "Test.out"
 

**** Build Finished ****

**** Build of configuration Debug for project Test ****

/home/joel/ti/ccs1281/ccs/utils/bin/gmake -k -j 24 all -O 
 
Building file: "../main.c"
Invoking: Arm Compiler
"/home/joel/ti/ccs1281/ccs/tools/compiler/ti-cgt-arm_20.2.7.LTS/bin/armcl" -mv7M4 --code_state=16 --float_support=FPv4SPD16 -me --include_path="/home/joel/workspace_v12/Test" --include_path="/home/joel/ti/Tiva_C_Series/inc" --include_path="/home/joel/ti/Tiva_C_Series" --include_path="/home/joel/ti/ccs1281/ccs/tools/compiler/ti-cgt-arm_20.2.7.LTS/include" --define=ccs="ccs" --define=PART_TM4C123GH6PM -g --gcc --diag_warning=225 --diag_wrap=off --display_error_number --abi=eabi --preproc_with_compile --preproc_dependency="main.d_raw"  "../main.c"
Finished building: "../main.c"
 
Building target: "Test.out"
Invoking: Arm Linker
"/home/joel/ti/ccs1281/ccs/tools/compiler/ti-cgt-arm_20.2.7.LTS/bin/armcl" -mv7M4 --code_state=16 --float_support=FPv4SPD16 -me --define=ccs="ccs" --define=PART_TM4C123GH6PM -g --gcc --diag_warning=225 --diag_wrap=off --display_error_number --abi=eabi -z -m"Test.map" --heap_size=0 --stack_size=512 -i"/home/joel/ti/ccs1281/ccs/tools/compiler/ti-cgt-arm_20.2.7.LTS/lib" -i"/home/joel/ti/ccs1281/ccs/tools/compiler/ti-cgt-arm_20.2.7.LTS/include" --reread_libs --diag_wrap=off --display_error_number --warn_sections --xml_link_info="Test_linkInfo.xml" --rom_model -o "Test.out" "./main.obj" "./tm4c123gh6pm_startup_ccs.obj" "../tm4c123gh6pm.cmd"  -llibc.a -l"/home/joel/ti/Tiva_C_Series/driverlib/ccs/Debug/driverlib.lib" 
<Linking>
Finished building target: "Test.out"
 

**** Build Finished ****
